<?xml version="1.0" encoding="UTF-8" ?>
<testsuites>
  <testsuite errors="0" failures="0" id="0" name="ButtonTests" package="com.dezza.ricepaper.ui.button" skipped="0" tests="7" time="0.0">
      <testcase classname="com.dezza.ricepaper.ui.button::ButtonTests" name="constructr" status="success" time="0.000" />

      <testcase classname="com.dezza.ricepaper.ui.button::ButtonTests" name="disable" status="success" time="0.000" />

      <testcase classname="com.dezza.ricepaper.ui.button::ButtonTests" name="onRollOver" status="success" time="0.000" />

      <testcase classname="com.dezza.ricepaper.ui.button::ButtonTests" name="onRollOutDisabled" status="success" time="0.000" />

      <testcase classname="com.dezza.ricepaper.ui.button::ButtonTests" name="onRollOverMouseStateLocked" status="success" time="0.000" />

      <testcase classname="com.dezza.ricepaper.ui.button::ButtonTests" name="onRollOut" status="success" time="0.000" />

      <testcase classname="com.dezza.ricepaper.ui.button::ButtonTests" name="onRollOverDisabled" status="success" time="0.000" />

  </testsuite>
  <testsuite errors="0" failures="0" id="1" name="LabelButtonTests" package="com.dezza.ricepaper.ui.button" skipped="0" tests="2" time="0.0">
      <testcase classname="com.dezza.ricepaper.ui.button::LabelButtonTests" name="constructr" status="success" time="0.000" />

      <testcase classname="com.dezza.ricepaper.ui.button::LabelButtonTests" name="text" status="success" time="0.000" />

  </testsuite>
  <testsuite errors="0" failures="0" id="2" name="RepeaterButtonTests" package="com.dezza.ricepaper.ui.button" skipped="0" tests="7" time="0.0">
      <testcase classname="com.dezza.ricepaper.ui.button::RepeaterButtonTests" name="repeatEventDelay" status="success" time="0.000" />

      <testcase classname="com.dezza.ricepaper.ui.button::RepeaterButtonTests" name="repeatEventDisabled" status="success" time="0.000" />

      <testcase classname="com.dezza.ricepaper.ui.button::RepeaterButtonTests" name="constructr" status="success" time="0.000" />

      <testcase classname="com.dezza.ricepaper.ui.button::RepeaterButtonTests" name="repeatDelay" status="success" time="0.000" />

      <testcase classname="com.dezza.ricepaper.ui.button::RepeaterButtonTests" name="repeatEventInterval" status="success" time="0.000" />

      <testcase classname="com.dezza.ricepaper.ui.button::RepeaterButtonTests" name="initEventDispatch" status="success" time="0.000" />

      <testcase classname="com.dezza.ricepaper.ui.button::RepeaterButtonTests" name="repeatInterval" status="success" time="0.000" />

  </testsuite>
  <testsuite errors="0" failures="0" id="3" name="SelectableButtonTests" package="com.dezza.ricepaper.ui.button" skipped="0" tests="8" time="0.0">
      <testcase classname="com.dezza.ricepaper.ui.button::SelectableButtonTests" name="onRollOutSelected" status="success" time="0.000" />

      <testcase classname="com.dezza.ricepaper.ui.button::SelectableButtonTests" name="disable" status="success" time="0.000" />

      <testcase classname="com.dezza.ricepaper.ui.button::SelectableButtonTests" name="onRollOverDeselected" status="success" time="0.000" />

      <testcase classname="com.dezza.ricepaper.ui.button::SelectableButtonTests" name="select" status="success" time="0.000" />

      <testcase classname="com.dezza.ricepaper.ui.button::SelectableButtonTests" name="onRollOverMouseStateLocked" status="success" time="0.000" />

      <testcase classname="com.dezza.ricepaper.ui.button::SelectableButtonTests" name="onRollOverSelected" status="success" time="0.000" />

      <testcase classname="com.dezza.ricepaper.ui.button::SelectableButtonTests" name="onRollOutDeselected" status="success" time="0.000" />

      <testcase classname="com.dezza.ricepaper.ui.button::SelectableButtonTests" name="constructr" status="success" time="0.000" />

  </testsuite>
  <testsuite errors="0" failures="0" id="4" name="UIControlTests" package="com.dezza.ricepaper.ui.core" skipped="0" tests="3" time="0.0">
      <testcase classname="com.dezza.ricepaper.ui.core::UIControlTests" name="disable" status="success" time="0.000" />

      <testcase classname="com.dezza.ricepaper.ui.core::UIControlTests" name="constructr" status="success" time="0.000" />

      <testcase classname="com.dezza.ricepaper.ui.core::UIControlTests" name="content" status="success" time="0.000" />

  </testsuite>
  <testsuite errors="0" failures="0" id="5" name="DraggerTests" package="com.dezza.ricepaper.ui.dragger" skipped="0" tests="8" time="0.0">
      <testcase classname="com.dezza.ricepaper.ui.dragger::DraggerTests" name="removeDraggerListener" status="success" time="0.000" />

      <testcase classname="com.dezza.ricepaper.ui.dragger::DraggerTests" name="dragChangeEventDispatch" status="success" time="0.000" />

      <testcase classname="com.dezza.ricepaper.ui.dragger::DraggerTests" name="disable" status="success" time="0.000" />

      <testcase classname="com.dezza.ricepaper.ui.dragger::DraggerTests" name="addDraggerListener" status="success" time="0.000" />

      <testcase classname="com.dezza.ricepaper.ui.dragger::DraggerTests" name="dragStartEventDispatch" status="success" time="0.000" />

      <testcase classname="com.dezza.ricepaper.ui.dragger::DraggerTests" name="dragChangeOnlyDispatchedWhenPositionChanges" status="success" time="0.000" />

      <testcase classname="com.dezza.ricepaper.ui.dragger::DraggerTests" name="constructr" status="success" time="0.000" />

      <testcase classname="com.dezza.ricepaper.ui.dragger::DraggerTests" name="dragStopEventDispatch" status="success" time="0.000" />

  </testsuite>
  <testsuite errors="0" failures="0" id="6" name="ScrollableContentBaseTests" package="com.dezza.ricepaper.ui.scrollbar" skipped="0" tests="42" time="0.0">
      <testcase classname="com.dezza.ricepaper.ui.scrollbar::ScrollableContentBaseTests" name="setMaxScrollContentX" status="success" time="0.000" />

      <testcase classname="com.dezza.ricepaper.ui.scrollbar::ScrollableContentBaseTests" name="initContentY" status="success" time="0.000" />

      <testcase classname="com.dezza.ricepaper.ui.scrollbar::ScrollableContentBaseTests" name="getVisibleContentPercentX" status="success" time="0.000" />

      <testcase classname="com.dezza.ricepaper.ui.scrollbar::ScrollableContentBaseTests" name="setGetScrolledPercentX" status="success" time="0.000" />

      <testcase classname="com.dezza.ricepaper.ui.scrollbar::ScrollableContentBaseTests" name="getDefaultMaxScrollContentX" status="success" time="0.000" />

      <testcase classname="com.dezza.ricepaper.ui.scrollbar::ScrollableContentBaseTests" name="getVisibleContentPercentY" status="success" time="0.000" />

      <testcase classname="com.dezza.ricepaper.ui.scrollbar::ScrollableContentBaseTests" name="setGetScrolledPercentY" status="success" time="0.000" />

      <testcase classname="com.dezza.ricepaper.ui.scrollbar::ScrollableContentBaseTests" name="getDefaultMaxScrollContentY" status="success" time="0.000" />

      <testcase classname="com.dezza.ricepaper.ui.scrollbar::ScrollableContentBaseTests" name="scrolledPercentXEventDispatch" status="success" time="0.000" />

      <testcase classname="com.dezza.ricepaper.ui.scrollbar::ScrollableContentBaseTests" name="setMaxScrollContentY" status="success" time="0.000" />

      <testcase classname="com.dezza.ricepaper.ui.scrollbar::ScrollableContentBaseTests" name="scrolledPercentYEventDispatch" status="success" time="0.000" />

      <testcase classname="com.dezza.ricepaper.ui.scrollbar::ScrollableContentBaseTests" name="setScrolledPercentY" status="success" time="0.000" />

      <testcase classname="com.dezza.ricepaper.ui.scrollbar::ScrollableContentBaseTests" name="setMinScrollContentX" status="success" time="0.000" />

      <testcase classname="com.dezza.ricepaper.ui.scrollbar::ScrollableContentBaseTests" name="getScrolledPercentY" status="success" time="0.000" />

      <testcase classname="com.dezza.ricepaper.ui.scrollbar::ScrollableContentBaseTests" name="contentXEventDispatch" status="success" time="0.000" />

      <testcase classname="com.dezza.ricepaper.ui.scrollbar::ScrollableContentBaseTests" name="setMinScrollContentY" status="success" time="0.000" />

      <testcase classname="com.dezza.ricepaper.ui.scrollbar::ScrollableContentBaseTests" name="scrollBarListenerX" status="success" time="0.000" />

      <testcase classname="com.dezza.ricepaper.ui.scrollbar::ScrollableContentBaseTests" name="setScrolledPercentX" status="success" time="0.000" />

      <testcase classname="com.dezza.ricepaper.ui.scrollbar::ScrollableContentBaseTests" name="scrollBarListenerY" status="success" time="0.000" />

      <testcase classname="com.dezza.ricepaper.ui.scrollbar::ScrollableContentBaseTests" name="setContentX" status="success" time="0.000" />

      <testcase classname="com.dezza.ricepaper.ui.scrollbar::ScrollableContentBaseTests" name="maskSize" status="success" time="0.000" />

      <testcase classname="com.dezza.ricepaper.ui.scrollbar::ScrollableContentBaseTests" name="setScrolledPercentY1" status="success" time="0.000" />

      <testcase classname="com.dezza.ricepaper.ui.scrollbar::ScrollableContentBaseTests" name="contentYEventDispatch" status="success" time="0.000" />

      <testcase classname="com.dezza.ricepaper.ui.scrollbar::ScrollableContentBaseTests" name="maskHeight" status="success" time="0.000" />

      <testcase classname="com.dezza.ricepaper.ui.scrollbar::ScrollableContentBaseTests" name="setContentY" status="success" time="0.000" />

      <testcase classname="com.dezza.ricepaper.ui.scrollbar::ScrollableContentBaseTests" name="maskWidth" status="success" time="0.000" />

      <testcase classname="com.dezza.ricepaper.ui.scrollbar::ScrollableContentBaseTests" name="initContentX" status="success" time="0.000" />

      <testcase classname="com.dezza.ricepaper.ui.scrollbar::ScrollableContentBaseTests" name="contentSize" status="success" time="0.000" />

      <testcase classname="com.dezza.ricepaper.ui.scrollbar::ScrollableContentBaseTests" name="contentWidth" status="success" time="0.000" />

      <testcase classname="com.dezza.ricepaper.ui.scrollbar::ScrollableContentBaseTests" name="getScrolledPercentX" status="success" time="0.000" />

      <testcase classname="com.dezza.ricepaper.ui.scrollbar::ScrollableContentBaseTests" name="getDefaultMinScrollContentX" status="success" time="0.000" />

      <testcase classname="com.dezza.ricepaper.ui.scrollbar::ScrollableContentBaseTests" name="constructr" status="success" time="0.000" />

      <testcase classname="com.dezza.ricepaper.ui.scrollbar::ScrollableContentBaseTests" name="getDefaultMinScrollContentY" status="success" time="0.000" />

      <testcase classname="com.dezza.ricepaper.ui.scrollbar::ScrollableContentBaseTests" name="invalidConstructr" status="success" time="0.000" />

      <testcase classname="com.dezza.ricepaper.ui.scrollbar::ScrollableContentBaseTests" name="setScrolledPercentX0" status="success" time="0.000" />

      <testcase classname="com.dezza.ricepaper.ui.scrollbar::ScrollableContentBaseTests" name="contentHeightEventDispatch" status="success" time="0.000" />

      <testcase classname="com.dezza.ricepaper.ui.scrollbar::ScrollableContentBaseTests" name="setScrolledPercentX1" status="success" time="0.000" />

      <testcase classname="com.dezza.ricepaper.ui.scrollbar::ScrollableContentBaseTests" name="maskWidthEventDispatch" status="success" time="0.000" />

      <testcase classname="com.dezza.ricepaper.ui.scrollbar::ScrollableContentBaseTests" name="contentHeight" status="success" time="0.000" />

      <testcase classname="com.dezza.ricepaper.ui.scrollbar::ScrollableContentBaseTests" name="contentWidthEventDispatch" status="success" time="0.000" />

      <testcase classname="com.dezza.ricepaper.ui.scrollbar::ScrollableContentBaseTests" name="setScrolledPercentY0" status="success" time="0.000" />

      <testcase classname="com.dezza.ricepaper.ui.scrollbar::ScrollableContentBaseTests" name="maskHeightEventDispatch" status="success" time="0.000" />

  </testsuite>
  <testsuite errors="0" failures="1" id="7" name="ScrollbarTests" package="com.dezza.ricepaper.ui.scrollbar" skipped="0" tests="4" time="0.0">
      <testcase classname="com.dezza.ricepaper.ui.scrollbar::ScrollbarTests" name="constructr" status="success" time="0.000" />

      <testcase classname="com.dezza.ricepaper.ui.scrollbar::ScrollbarTests" name="defaultScrolledPercent" status="success" time="0.000" />

      <testcase classname="com.dezza.ricepaper.ui.scrollbar::ScrollbarTests" name="setGetScrolledPercent" status="failure" time="0.000">
          <failure message="incorrect value - expected:&lt;0.37&gt; but was:&lt;0&gt;" type="com.dezza.ricepaper.ui.scrollbar::ScrollbarTests.setGetScrolledPercent"><![CDATA[]]></failure>

      </testcase>

      <testcase classname="com.dezza.ricepaper.ui.scrollbar::ScrollbarTests" name="defaultAxis" status="success" time="0.000" />

  </testsuite>
  <testsuite errors="0" failures="0" id="8" name="SliderTests" package="com.dezza.ricepaper.ui.slider" skipped="0" tests="9" time="0.0">
      <testcase classname="com.dezza.ricepaper.ui.slider::SliderTests" name="setDragRect" status="success" time="0.000" />

      <testcase classname="com.dezza.ricepaper.ui.slider::SliderTests" name="constructr" status="success" time="0.000" />

      <testcase classname="com.dezza.ricepaper.ui.slider::SliderTests" name="startingPercent" status="success" time="0.000" />

      <testcase classname="com.dezza.ricepaper.ui.slider::SliderTests" name="startingPosition" status="success" time="0.000" />

      <testcase classname="com.dezza.ricepaper.ui.slider::SliderTests" name="disable" status="success" time="0.000" />

      <testcase classname="com.dezza.ricepaper.ui.slider::SliderTests" name="dragMax" status="success" time="0.000" />

      <testcase classname="com.dezza.ricepaper.ui.slider::SliderTests" name="trackClick" status="success" time="0.000" />

      <testcase classname="com.dezza.ricepaper.ui.slider::SliderTests" name="dragMin" status="success" time="0.000" />

      <testcase classname="com.dezza.ricepaper.ui.slider::SliderTests" name="defaultAxis" status="success" time="0.000" />

  </testsuite>
</testsuites>
