<?xml version="1.0" encoding="UTF-8" ?>
<testsuites>
  <testsuite errors="0" failures="0" id="0" name="ButtonTests" package="com.dezza.ricepaper.ui.button" skipped="0" tests="7" time="0.0">
      <testcase classname="com.dezza.ricepaper.ui.button::ButtonTests" name="constructr" status="success" time="0.000" />

      <testcase classname="com.dezza.ricepaper.ui.button::ButtonTests" name="onRollOver" status="success" time="0.000" />

      <testcase classname="com.dezza.ricepaper.ui.button::ButtonTests" name="disable" status="success" time="0.000" />

      <testcase classname="com.dezza.ricepaper.ui.button::ButtonTests" name="onRollOut" status="success" time="0.000" />

      <testcase classname="com.dezza.ricepaper.ui.button::ButtonTests" name="onRollOverMouseStateLocked" status="success" time="0.000" />

      <testcase classname="com.dezza.ricepaper.ui.button::ButtonTests" name="onRollOutDisabled" status="success" time="0.000" />

      <testcase classname="com.dezza.ricepaper.ui.button::ButtonTests" name="onRollOverDisabled" status="success" time="0.000" />

  </testsuite>
  <testsuite errors="0" failures="0" id="1" name="LabelButtonTests" package="com.dezza.ricepaper.ui.button" skipped="0" tests="2" time="0.0">
      <testcase classname="com.dezza.ricepaper.ui.button::LabelButtonTests" name="text" status="success" time="0.000" />

      <testcase classname="com.dezza.ricepaper.ui.button::LabelButtonTests" name="constructr" status="success" time="0.000" />

  </testsuite>
  <testsuite errors="0" failures="0" id="2" name="UIControlTests" package="com.dezza.ricepaper.ui.core" skipped="0" tests="3" time="0.0">
      <testcase classname="com.dezza.ricepaper.ui.core::UIControlTests" name="constructr" status="success" time="0.000" />

      <testcase classname="com.dezza.ricepaper.ui.core::UIControlTests" name="content" status="success" time="0.000" />

      <testcase classname="com.dezza.ricepaper.ui.core::UIControlTests" name="disable" status="success" time="0.000" />

  </testsuite>
  <testsuite errors="0" failures="0" id="3" name="DraggerTests" package="com.dezza.ricepaper.ui.dragger" skipped="0" tests="7" time="0.0">
      <testcase classname="com.dezza.ricepaper.ui.dragger::DraggerTests" name="removeDraggerListener" status="success" time="0.000" />

      <testcase classname="com.dezza.ricepaper.ui.dragger::DraggerTests" name="dragChangeEventDispatch" status="success" time="0.000" />

      <testcase classname="com.dezza.ricepaper.ui.dragger::DraggerTests" name="dragStartEventDispatch" status="success" time="0.000" />

      <testcase classname="com.dezza.ricepaper.ui.dragger::DraggerTests" name="addDraggerListener" status="success" time="0.000" />

      <testcase classname="com.dezza.ricepaper.ui.dragger::DraggerTests" name="dragStopEventDispatch" status="success" time="0.000" />

      <testcase classname="com.dezza.ricepaper.ui.dragger::DraggerTests" name="dragChangeOnlyDispatchedWhenPositionChanges" status="success" time="0.000" />

      <testcase classname="com.dezza.ricepaper.ui.dragger::DraggerTests" name="constructr" status="success" time="0.000" />

  </testsuite>
  <testsuite errors="0" failures="0" id="4" name="SliderTests" package="com.dezza.ricepaper.ui.slider" skipped="0" tests="4" time="0.0">
      <testcase classname="com.dezza.ricepaper.ui.slider::SliderTests" name="defaultAxis" status="success" time="0.000" />

      <testcase classname="com.dezza.ricepaper.ui.slider::SliderTests" name="constructr" status="success" time="0.000" />

      <testcase classname="com.dezza.ricepaper.ui.slider::SliderTests" name="startingPercent" status="success" time="0.000" />

      <testcase classname="com.dezza.ricepaper.ui.slider::SliderTests" name="startingPosition" status="success" time="0.000" />

  </testsuite>
</testsuites>
